# JRE version: OpenJDK Runtime Environment (8.0_242-b01) (build 1.8.0_242-release-1644-b01)
# Java VM: OpenJDK 64-Bit Server VM (25.242-b01 mixed mode windows-amd64 compressed oops)
Heap:
 PSYoungGen      total 148480K, used 27199K [0x00000000e0000000, 0x00000000eca00000, 0x0000000100000000)
  eden space 133632K, 9% used [0x00000000e0000000,0x00000000e0c120c0,0x00000000e8280000)
  from space 14848K, 99% used [0x00000000e8280000,0x00000000e90fde48,0x00000000e9100000)
  to   space 18944K, 0% used [0x00000000eb780000,0x00000000eb780000,0x00000000eca00000)
 ParOldGen       total 100864K, used 29753K [0x00000000a0000000, 0x00000000a6280000, 0x00000000e0000000)
  object space 100864K, 29% used [0x00000000a0000000,0x00000000a1d0e638,0x00000000a6280000)
 Metaspace       used 59796K, capacity 62702K, committed 62936K, reserved 1103872K
  class space    used 8218K, capacity 8863K, committed 8960K, reserved 1048576K
GC Heap History (10 events):
Event: 28.046 GC heap before
{Heap before GC invocations=14 (full 2):
 PSYoungGen      total 104960K, used 104913K [0x00000000e0000000, 0x00000000e8100000, 0x0000000100000000)
  eden space 94720K, 100% used [0x00000000e0000000,0x00000000e5c80000,0x00000000e5c80000)
  from space 10240K, 99% used [0x00000000e5c80000,0x00000000e66745a8,0x00000000e6680000)
  to   space 11264K, 0% used [0x00000000e7600000,0x00000000e7600000,0x00000000e8100000)
 ParOldGen       total 45056K, used 15385K [0x00000000a0000000, 0x00000000a2c00000, 0x00000000e0000000)
  object space 45056K, 34% used [0x00000000a0000000,0x00000000a0f06650,0x00000000a2c00000)
 Metaspace       used 47231K, capacity 49136K, committed 49280K, reserved 1093632K
  class space    used 6380K, capacity 6766K, committed 6784K, reserved 1048576K
Event: 28.069 GC heap after
Heap after GC invocations=14 (full 2):
 PSYoungGen      total 116736K, used 11252K [0x00000000e0000000, 0x00000000e8a80000, 0x0000000100000000)
  eden space 105472K, 0% used [0x00000000e0000000,0x00000000e0000000,0x00000000e6700000)
  from space 11264K, 99% used [0x00000000e7600000,0x00000000e80fd300,0x00000000e8100000)
  to   space 15360K, 0% used [0x00000000e6700000,0x00000000e6700000,0x00000000e7600000)
 ParOldGen       total 45056K, used 21877K [0x00000000a0000000, 0x00000000a2c00000, 0x00000000e0000000)
  object space 45056K, 48% used [0x00000000a0000000,0x00000000a155d680,0x00000000a2c00000)
 Metaspace       used 47231K, capacity 49136K, committed 49280K, reserved 1093632K
  class space    used 6380K, capacity 6766K, committed 6784K, reserved 1048576K
}
Event: 28.288 GC heap before
{Heap before GC invocations=15 (full 2):
 PSYoungGen      total 116736K, used 30509K [0x00000000e0000000, 0x00000000e8a80000, 0x0000000100000000)
  eden space 105472K, 18% used [0x00000000e0000000,0x00000000e12ce1f0,0x00000000e6700000)
  from space 11264K, 99% used [0x00000000e7600000,0x00000000e80fd300,0x00000000e8100000)
  to   space 15360K, 0% used [0x00000000e6700000,0x00000000e6700000,0x00000000e7600000)
 ParOldGen       total 45056K, used 21877K [0x00000000a0000000, 0x00000000a2c00000, 0x00000000e0000000)
  object space 45056K, 48% used [0x00000000a0000000,0x00000000a155d680,0x00000000a2c00000)
 Metaspace       used 48644K, capacity 50620K, committed 50776K, reserved 1093632K
  class space    used 6552K, capacity 6934K, committed 7040K, reserved 1048576K
Event: 28.303 GC heap after
Heap after GC invocations=15 (full 2):
 PSYoungGen      total 120832K, used 10061K [0x00000000e0000000, 0x00000000ea000000, 0x0000000100000000)
  eden space 105472K, 0% used [0x00000000e0000000,0x00000000e0000000,0x00000000e6700000)
  from space 15360K, 65% used [0x00000000e6700000,0x00000000e70d3748,0x00000000e7600000)
  to   space 15360K, 0% used [0x00000000e9100000,0x00000000e9100000,0x00000000ea000000)
 ParOldGen       total 45056K, used 26088K [0x00000000a0000000, 0x00000000a2c00000, 0x00000000e0000000)
  object space 45056K, 57% used [0x00000000a0000000,0x00000000a197a170,0x00000000a2c00000)
 Metaspace       used 48644K, capacity 50620K, committed 50776K, reserved 1093632K
  class space    used 6552K, capacity 6934K, committed 7040K, reserved 1048576K
}
Event: 28.303 GC heap before
{Heap before GC invocations=16 (full 3):
 PSYoungGen      total 120832K, used 10061K [0x00000000e0000000, 0x00000000ea000000, 0x0000000100000000)
  eden space 105472K, 0% used [0x00000000e0000000,0x00000000e0000000,0x00000000e6700000)
  from space 15360K, 65% used [0x00000000e6700000,0x00000000e70d3748,0x00000000e7600000)
  to   space 15360K, 0% used [0x00000000e9100000,0x00000000e9100000,0x00000000ea000000)
 ParOldGen       total 45056K, used 26088K [0x00000000a0000000, 0x00000000a2c00000, 0x00000000e0000000)
  object space 45056K, 57% used [0x00000000a0000000,0x00000000a197a170,0x00000000a2c00000)
 Metaspace       used 48644K, capacity 50620K, committed 50776K, reserved 1093632K
  class space    used 6552K, capacity 6934K, committed 7040K, reserved 1048576K
Event: 28.461 GC heap after
Heap after GC invocations=16 (full 3):
 PSYoungGen      total 120832K, used 0K [0x00000000e0000000, 0x00000000ea000000, 0x0000000100000000)
  eden space 105472K, 0% used [0x00000000e0000000,0x00000000e0000000,0x00000000e6700000)
  from space 15360K, 0% used [0x00000000e6700000,0x00000000e6700000,0x00000000e7600000)
  to   space 15360K, 0% used [0x00000000e9100000,0x00000000e9100000,0x00000000ea000000)
 ParOldGen       total 100864K, used 24344K [0x00000000a0000000, 0x00000000a6280000, 0x00000000e0000000)
  object space 100864K, 24% used [0x00000000a0000000,0x00000000a17c60e0,0x00000000a6280000)
 Metaspace       used 48639K, capacity 50602K, committed 50776K, reserved 1093632K
  class space    used 6551K, capacity 6931K, committed 7040K, reserved 1048576K
}
Event: 29.775 GC heap before
{Heap before GC invocations=17 (full 3):
 PSYoungGen      total 120832K, used 105472K [0x00000000e0000000, 0x00000000ea000000, 0x0000000100000000)
  eden space 105472K, 100% used [0x00000000e0000000,0x00000000e6700000,0x00000000e6700000)
  from space 15360K, 0% used [0x00000000e6700000,0x00000000e6700000,0x00000000e7600000)
  to   space 15360K, 0% used [0x00000000e9100000,0x00000000e9100000,0x00000000ea000000)
 ParOldGen       total 100864K, used 24344K [0x00000000a0000000, 0x00000000a6280000, 0x00000000e0000000)
  object space 100864K, 24% used [0x00000000a0000000,0x00000000a17c60e0,0x00000000a6280000)
 Metaspace       used 52758K, capacity 55052K, committed 55128K, reserved 1097728K
  class space    used 7053K, capacity 7516K, committed 7552K, reserved 1048576K
Event: 29.791 GC heap after
Heap after GC invocations=17 (full 3):
 PSYoungGen      total 148992K, used 8691K [0x00000000e0000000, 0x00000000ea100000, 0x0000000100000000)
  eden space 133632K, 0% used [0x00000000e0000000,0x00000000e0000000,0x00000000e8280000)
  from space 15360K, 56% used [0x00000000e9100000,0x00000000e997ced0,0x00000000ea000000)
  to   space 14848K, 0% used [0x00000000e8280000,0x00000000e8280000,0x00000000e9100000)
 ParOldGen       total 100864K, used 24416K [0x00000000a0000000, 0x00000000a6280000, 0x00000000e0000000)
  object space 100864K, 24% used [0x00000000a0000000,0x00000000a17d80f0,0x00000000a6280000)
 Metaspace       used 52758K, capacity 55052K, committed 55128K, reserved 1097728K
  class space    used 7053K, capacity 7516K, committed 7552K, reserved 1048576K
}
Event: 31.944 GC heap before
{Heap before GC invocations=18 (full 3):
 PSYoungGen      total 148992K, used 142323K [0x00000000e0000000, 0x00000000ea100000, 0x0000000100000000)
  eden space 133632K, 100% used [0x00000000e0000000,0x00000000e8280000,0x00000000e8280000)
  from space 15360K, 56% used [0x00000000e9100000,0x00000000e997ced0,0x00000000ea000000)
  to   space 14848K, 0% used [0x00000000e8280000,0x00000000e8280000,0x00000000e9100000)
 ParOldGen       total 100864K, used 24416K [0x00000000a0000000, 0x00000000a6280000, 0x00000000e0000000)
  object space 100864K, 24% used [0x00000000a0000000,0x00000000a17d80f0,0x00000000a6280000)
 Metaspace       used 59394K, capacity 62120K, committed 62296K, reserved 1103872K
  class space    used 8157K, capacity 8746K, committed 8832K, reserved 1048576K
Event: 31.969 GC heap after
Heap after GC invocations=18 (full 3):
 PSYoungGen      total 148480K, used 14839K [0x00000000e0000000, 0x00000000eca00000, 0x0000000100000000)
  eden space 133632K, 0% used [0x00000000e0000000,0x00000000e0000000,0x00000000e8280000)
  from space 14848K, 99% used [0x00000000e8280000,0x00000000e90fde48,0x00000000e9100000)
  to   space 18944K, 0% used [0x00000000eb780000,0x00000000eb780000,0x00000000eca00000)
 ParOldGen       total 100864K, used 29753K [0x00000000a0000000, 0x00000000a6280000, 0x00000000e0000000)
  object space 100864K, 29% used [0x00000000a0000000,0x00000000a1d0e638,0x00000000a6280000)
 Metaspace       used 59394K, capacity 62120K, committed 62296K, reserved 1103872K
  class space    used 8157K, capacity 8746K, committed 8832K, reserved 1048576K
}

